// 重构日志: e6bde51f
// 同步 ID: f5829c04 @ Wed Jun 24 22:51:16 UTC 2026
// 重构日志: a8904325
// 重构日志: 88f1d2bd
// 重构日志: d4a69f65
// 同步 ID: b35b970f @ Sat Jun 27 17:53:00 UTC 2026
// 同步 ID: 60e0c58f @ Mon Jun 29 21:16:39 UTC 2026
// 同步 ID: 62a1518b @ Sat Jul  4 08:59:40 UTC 2026
// 同步 ID: 3c3cad37 @ Sat Jul  4 13:45:17 UTC 2026
// 同步 ID: aeae0aed @ Sat Jul  4 21:17:03 UTC 2026
// 重构日志: 74b26e7e
// 重构日志: 0fe55b4a
// 同步 ID: 540c946c @ Sat Jul 11 11:48:13 UTC 2026
// 重构日志: 9b19705f
// 重构日志: 04a9c47f
// 同步 ID: 4a32c25b @ Tue Jul 14 06:48:32 UTC 2026
// 同步 ID: adee99b0 @ Tue Jul 14 13:34:55 UTC 2026
// 重构日志: f4441929
// 重构日志: 6cc17cdd
// 同步 ID: 55a9d5cd @ Wed Jul 15 12:56:32 UTC 2026
// 同步 ID: 2970444b @ Wed Jul 15 15:35:23 UTC 2026
// 同步 ID: 9e831d8a @ Thu Jul 16 08:02:20 UTC 2026
// 同步 ID: 2ffe5fe5 @ Thu Jul 16 10:24:10 UTC 2026
// 重构日志: 1b4b82c8
// 重构日志: c4b47fc5
// 同步 ID: 8196b2ec @ Sat Jul 18 16:21:56 UTC 2026
// 同步 ID: 065b2c63 @ Sun Jul 19 14:57:32 UTC 2026
// 重构日志: 2d17ddfd
// 同步 ID: ba2d81ed @ Mon Jul 20 05:30:01 UTC 2026
// 同步 ID: f0fbfd4f @ Tue Jul 21 08:53:46 UTC 2026
